{"C:\\Users\\Александр Носов\\Documents\\нетология\\ajs-matchers\\src\\game.js": {"path":"C:\\Users\\Александр Носов\\Documents\\нетология\\ajs-matchers\\src\\game.js","statementMap":{"0":{"start":{"line":2,"column":4},"end":{"line":2,"column":57}},"1":{"start":{"line":2,"column":36},"end":{"line":2,"column":55}}},"fnMap":{"0":{"name":"sortPlayers","decl":{"start":{"line":1,"column":24},"end":{"line":1,"column":35}},"loc":{"start":{"line":1,"column":42},"end":{"line":3,"column":1}},"line":1},"1":{"name":"(anonymous_1)","decl":{"start":{"line":2,"column":26},"end":{"line":2,"column":27}},"loc":{"start":{"line":2,"column":36},"end":{"line":2,"column":55}},"line":2}},"branchMap":{},"s":{"0":1,"1":4},"f":{"0":1,"1":4},"b":{},"_coverageSchema":"1a1c01bbd47fc00a2c39e90264f33305004495a9","hash":"6e0f688fa050164e250c89ccff9e8497e6abe363"}
}
